0 info it worked if it ends with ok
1 verbose cli [
1 verbose cli   'D:\\Program Files\\nodejs\\node.exe',
1 verbose cli   'D:\\Program Files\\nodejs\\node_modules\\npm\\bin\\npm-cli.js',
1 verbose cli   'run',
1 verbose cli   'test'
1 verbose cli ]
2 info using npm@6.14.15
3 info using node@v14.17.6
4 verbose run-script [ 'pretest', 'test', 'posttest' ]
5 info lifecycle dp@1.0.0~pretest: dp@1.0.0
6 info lifecycle dp@1.0.0~test: dp@1.0.0
7 verbose lifecycle dp@1.0.0~test: unsafe-perm in lifecycle true
8 verbose lifecycle dp@1.0.0~test: PATH: D:\Program Files\nodejs\node_modules\npm\node_modules\npm-lifecycle\node-gyp-bin;D:\free\2022面试准备\2-25\dp\node_modules\.bin;D:\Program Files\Git\mingw64\bin;D:\Program Files\Git\usr\bin;C:\Users\Administrator\bin;C:\windows\system32;C:\windows;C:\windows\System32\Wbem;C:\windows\System32\WindowsPowerShell\v1.0;C:\windows\System32\OpenSSH;D:\Program Files\Git\cmd;D:\Program Files\nodejs;D:\Development\MongoDB\bin;C:\Program Files\Docker\Docker\resources\bin;C:\ProgramData\DockerDesktop\version-bin;D:\Program Files (x86)\Tencent\微信web开发者工具\dll;C:\Users\Administrator\AppData\Local\Microsoft\WindowsApps;D:\Users\Administrator\AppData\Local\Programs\Microsoft VS Code\bin;C:\Users\Administrator\AppData\Roaming\npm;D:\Program Files\nodejs\node_global
9 verbose lifecycle dp@1.0.0~test: CWD: D:\free\2022面试准备\2-25\dp
10 silly lifecycle dp@1.0.0~test: Args: [ '/d /s /c', 'echo "Error: no test specified" && exit 1' ]
11 silly lifecycle dp@1.0.0~test: Returned: code: 1  signal: null
12 info lifecycle dp@1.0.0~test: Failed to exec test script
13 verbose stack Error: dp@1.0.0 test: `echo "Error: no test specified" && exit 1`
13 verbose stack Exit status 1
13 verbose stack     at EventEmitter.<anonymous> (D:\Program Files\nodejs\node_modules\npm\node_modules\npm-lifecycle\index.js:332:16)
13 verbose stack     at EventEmitter.emit (events.js:400:28)
13 verbose stack     at ChildProcess.<anonymous> (D:\Program Files\nodejs\node_modules\npm\node_modules\npm-lifecycle\lib\spawn.js:55:14)
13 verbose stack     at ChildProcess.emit (events.js:400:28)
13 verbose stack     at maybeClose (internal/child_process.js:1055:16)
13 verbose stack     at Process.ChildProcess._handle.onexit (internal/child_process.js:288:5)
14 verbose pkgid dp@1.0.0
15 verbose cwd D:\free\2022面试准备\2-25\dp
16 verbose Windows_NT 10.0.22000
17 verbose argv "D:\\Program Files\\nodejs\\node.exe" "D:\\Program Files\\nodejs\\node_modules\\npm\\bin\\npm-cli.js" "run" "test"
18 verbose node v14.17.6
19 verbose npm  v6.14.15
20 error code ELIFECYCLE
21 error errno 1
22 error dp@1.0.0 test: `echo "Error: no test specified" && exit 1`
22 error Exit status 1
23 error Failed at the dp@1.0.0 test script.
23 error This is probably not a problem with npm. There is likely additional logging output above.
24 verbose exit [ 1, true ]
